2025-04-21T15:55:37+00:00 INFO Array
(
    [Webhook Delivery] => Array
        (
            [Delivery ID] => 928091d7e059f6f39ffc1a5b768bdfab
            [Date] => Apr 21, 2025 @ 15:55
            [URL] => https://solution.tiktokshop.com/api/plugin/webhook/process_woo_webhook?external_business_id=tt4b_woocommerce_67cf5ea3dd228&region=US
            [Duration] => 0.61957
            [Request] => Array
                (
                    [Method] => POST
                    [Headers] => Array
                        (
                            [User-Agent] => WooCommerce/9.7.1 Hookshot (WordPress/6.7.2)
                            [Content-Type] => application/json
                            [X-WC-Webhook-Source] => https://simplebutcomplex.com/store/
                            [X-WC-Webhook-Topic] => order.updated
                            [X-WC-Webhook-Resource] => order
                            [X-WC-Webhook-Event] => updated
                            [X-WC-Webhook-Signature] => Q/PGpWe8xcZHtna2YjDRXmKrCxBu/p778Z2mWVJhazg=
                            [X-WC-Webhook-ID] => 46
                            [X-WC-Webhook-Delivery-ID] => 928091d7e059f6f39ffc1a5b768bdfab
                        )

                )

            [Body] => Webhook body is not logged unless WP_DEBUG mode is turned on. This is to avoid the storing of personal data in the logs.
            [Response] => Array
                (
                    [Code] => 200
                    [Message] => OK
                    [Headers] => WpOrg\Requests\Utility\CaseInsensitiveDictionary Object
                        (
                            [data:protected] => Array
                                (
                                    [server] => nginx
                                    [content-type] => application/json; charset=utf-8
                                    [content-length] => 90
                                    [x-tt-logid] => 20250421155544C8668B3DEAF11203B153
                                    [x-tt-trace-host] => 01e3d775a90b79921eb55b55733a8298b18fc98f9000b48102cb546ecfff744050c9ccd910c9931a2f013925da31f9d3e4426256163862f950b1603e9c137454b50ac1c5fe6224bde51b0c4a77048a9c9c2f40375ff57e626d6a1f333e3f6c17273f10b02129bfb51eed4f112c32858a7a
                                    [x-tt-trace-id] => 00-250421155544C8668B3DEAF11203B153-3E8678CF69598EF5-00
                                    [x-origin-response-time] => 38,23.3.12.6
                                    [x-akamai-request-id] => 4668ff95.5d38cf04
                                    [expires] => Mon, 21 Apr 2025 15:55:44 GMT
                                    [cache-control] => max-age=0, no-cache, no-store
                                    [pragma] => no-cache
                                    [date] => Mon, 21 Apr 2025 15:55:44 GMT
                                    [x-cache] => TCP_MISS from a23-62-227-17.deploy.akamaitechnologies.com (AkamaiGHost/22.1.0-0ca00c147d19d7f8aed87fe96e7f5f75) (-)
                                    [x-cache-remote] => TCP_MISS from a23-3-12-6.deploy.akamaitechnologies.com (AkamaiGHost/22.1.0-0ca00c147d19d7f8aed87fe96e7f5f75) (-)
                                    [x-tt-trace-tag] => id=16;cdn-cache=miss;type=dyn
                                    [server-timing] => Array
                                        (
                                            [0] => cdn-cache; desc=MISS, edge; dur=46, origin; dur=37
                                            [1] => inner; dur=13
                                        )

                                    [x-parent-response-time] => 83,23.62.227.17
                                    [bypass-origin] => solution.tiktokshops.us
                                )

                        )

                    [Body] => Webhook body is not logged unless WP_DEBUG mode is turned on. This is to avoid the storing of personal data in the logs.
                )

        )

)
2025-04-21T15:57:38+00:00 INFO Array
(
    [Webhook Delivery] => Array
        (
            [Delivery ID] => c14ac2acc834242539c0e1e63bb6ea13
            [Date] => Apr 21, 2025 @ 15:57
            [URL] => https://solution.tiktokshop.com/api/plugin/webhook/process_woo_webhook?external_business_id=tt4b_woocommerce_67cf5ea3dd228&region=US
            [Duration] => 2.20477
            [Request] => Array
                (
                    [Method] => POST
                    [Headers] => Array
                        (
                            [User-Agent] => WooCommerce/9.7.1 Hookshot (WordPress/6.7.2)
                            [Content-Type] => application/json
                            [X-WC-Webhook-Source] => https://simplebutcomplex.com/store/
                            [X-WC-Webhook-Topic] => order.updated
                            [X-WC-Webhook-Resource] => order
                            [X-WC-Webhook-Event] => updated
                            [X-WC-Webhook-Signature] => Q/PGpWe8xcZHtna2YjDRXmKrCxBu/p778Z2mWVJhazg=
                            [X-WC-Webhook-ID] => 46
                            [X-WC-Webhook-Delivery-ID] => c14ac2acc834242539c0e1e63bb6ea13
                        )

                )

            [Body] => Webhook body is not logged unless WP_DEBUG mode is turned on. This is to avoid the storing of personal data in the logs.
            [Response] => Array
                (
                    [Code] => 200
                    [Message] => OK
                    [Headers] => WpOrg\Requests\Utility\CaseInsensitiveDictionary Object
                        (
                            [data:protected] => Array
                                (
                                    [server] => nginx
                                    [content-type] => application/json; charset=utf-8
                                    [content-length] => 90
                                    [x-tt-logid] => 20250421155744789FDE82CBF4F403DBDE
                                    [x-tt-trace-host] => 01e3d775a90b79921eb55b55733a8298b18fc98f9000b48102cb546ecfff744050d970fa8e42b689777fef55c629d95e83718126ac0973881ab4ede58fcef2e9f3b7f21e188c73e9d2ee2a7ac2f73db6c721982550da8f90176649664c776bb2cc22ec5de759f26880b29907473104afe0
                                    [x-tt-trace-id] => 00-250421155744789FDE82CBF4F403DBDE-0ED3375A06B9853B-00
                                    [x-origin-response-time] => 27,23.222.2.27
                                    [x-akamai-request-id] => 62839d5c.5d4103fa
                                    [expires] => Mon, 21 Apr 2025 15:57:44 GMT
                                    [cache-control] => max-age=0, no-cache, no-store
                                    [pragma] => no-cache
                                    [date] => Mon, 21 Apr 2025 15:57:44 GMT
                                    [x-cache] => TCP_MISS from a23-62-227-17.deploy.akamaitechnologies.com (AkamaiGHost/22.1.0-0ca00c147d19d7f8aed87fe96e7f5f75) (-)
                                    [x-cache-remote] => TCP_MISS from a23-222-2-27.deploy.akamaitechnologies.com (AkamaiGHost/22.1.0-0ca00c147d19d7f8aed87fe96e7f5f75) (-)
                                    [x-tt-trace-tag] => id=16;cdn-cache=miss;type=dyn
                                    [server-timing] => Array
                                        (
                                            [0] => cdn-cache; desc=MISS, edge; dur=41, origin; dur=27
                                            [1] => inner; dur=12
                                        )

                                    [x-parent-response-time] => 66,23.62.227.17
                                    [bypass-origin] => solution.tiktokshops.us
                                )

                        )

                    [Body] => Webhook body is not logged unless WP_DEBUG mode is turned on. This is to avoid the storing of personal data in the logs.
                )

        )

)
2025-04-21T15:57:49+00:00 INFO Array
(
    [Webhook Delivery] => Array
        (
            [Delivery ID] => cc78cd6136b233118cf23431c8f404d7
            [Date] => Apr 21, 2025 @ 15:57
            [URL] => https://solution.tiktokshop.com/api/plugin/webhook/process_woo_webhook?external_business_id=tt4b_woocommerce_67cf5ea3dd228&region=US
            [Duration] => 0.2134
            [Request] => Array
                (
                    [Method] => POST
                    [Headers] => Array
                        (
                            [User-Agent] => WooCommerce/9.7.1 Hookshot (WordPress/6.7.2)
                            [Content-Type] => application/json
                            [X-WC-Webhook-Source] => https://simplebutcomplex.com/store/
                            [X-WC-Webhook-Topic] => order.updated
                            [X-WC-Webhook-Resource] => order
                            [X-WC-Webhook-Event] => updated
                            [X-WC-Webhook-Signature] => Ar7/BlI+P14J35OoMcYlXDT+KnB9aatsL2aIFPFlTAE=
                            [X-WC-Webhook-ID] => 46
                            [X-WC-Webhook-Delivery-ID] => cc78cd6136b233118cf23431c8f404d7
                        )

                )

            [Body] => Webhook body is not logged unless WP_DEBUG mode is turned on. This is to avoid the storing of personal data in the logs.
            [Response] => Array
                (
                    [Code] => 200
                    [Message] => OK
                    [Headers] => WpOrg\Requests\Utility\CaseInsensitiveDictionary Object
                        (
                            [data:protected] => Array
                                (
                                    [server] => nginx
                                    [content-type] => application/json; charset=utf-8
                                    [content-length] => 90
                                    [x-tt-logid] => 20250421155756A3982E76037ED203AEBD
                                    [x-tt-trace-host] => 01e3d775a90b79921eb55b55733a8298b18fc98f9000b48102cb546ecfff744050d970fa8e42b689777fef55c629d95e83ad2b7c8289691e59240b3a743fdc6f298ca5ae31355869eac9805308faa5837a3550174d7770ddbd12e1cc65bb55b38a32ce3bc3bf7c4538ce967b749a1a641d
                                    [x-tt-trace-id] => 00-250421155756A3982E76037ED203AEBD-3287EB642FDE1CAF-00
                                    [x-origin-response-time] => 24,23.222.2.27
                                    [x-akamai-request-id] => 6284eff2.5d41ef7b
                                    [expires] => Mon, 21 Apr 2025 15:57:56 GMT
                                    [cache-control] => max-age=0, no-cache, no-store
                                    [pragma] => no-cache
                                    [date] => Mon, 21 Apr 2025 15:57:56 GMT
                                    [x-cache] => TCP_MISS from a23-62-227-17.deploy.akamaitechnologies.com (AkamaiGHost/22.1.0-0ca00c147d19d7f8aed87fe96e7f5f75) (-)
                                    [x-cache-remote] => TCP_MISS from a23-222-2-27.deploy.akamaitechnologies.com (AkamaiGHost/22.1.0-0ca00c147d19d7f8aed87fe96e7f5f75) (-)
                                    [x-tt-trace-tag] => id=16;cdn-cache=miss;type=dyn
                                    [server-timing] => Array
                                        (
                                            [0] => cdn-cache; desc=MISS, edge; dur=10, origin; dur=24
                                            [1] => inner; dur=14
                                        )

                                    [x-parent-response-time] => 34,23.62.227.17
                                    [bypass-origin] => solution.tiktokshops.us
                                )

                        )

                    [Body] => Webhook body is not logged unless WP_DEBUG mode is turned on. This is to avoid the storing of personal data in the logs.
                )

        )

)
