2025-04-18T15:19:38+00:00 INFO Array
(
    [Webhook Delivery] => Array
        (
            [Delivery ID] => 22ee1437bef5e18028aa8bb2e6b70edf
            [Date] => Apr 18, 2025 @ 15:19
            [URL] => https://m2e.cloud/webhook/woocommerce/webhook/
            [Duration] => 0.50048
            [Request] => Array
                (
                    [Method] => POST
                    [Headers] => Array
                        (
                            [User-Agent] => WooCommerce/9.7.1 Hookshot (WordPress/6.7.2)
                            [Content-Type] => application/json
                            [X-WC-Webhook-Source] => https://simplebutcomplex.com/store/
                            [X-WC-Webhook-Topic] => product.deleted
                            [X-WC-Webhook-Resource] => product
                            [X-WC-Webhook-Event] => deleted
                            [X-WC-Webhook-Signature] => 47I+flYutZhY94xYfrm3fokxTam41hrAwzE/ybu64MI=
                            [X-WC-Webhook-ID] => 63
                            [X-WC-Webhook-Delivery-ID] => 22ee1437bef5e18028aa8bb2e6b70edf
                        )

                )

            [Body] => Webhook body is not logged unless WP_DEBUG mode is turned on. This is to avoid the storing of personal data in the logs.
            [Response] => Array
                (
                    [Code] => 200
                    [Message] => OK
                    [Headers] => WpOrg\Requests\Utility\CaseInsensitiveDictionary Object
                        (
                            [data:protected] => Array
                                (
                                    [date] => Fri, 18 Apr 2025 15:19:43 GMT
                                    [content-type] => application/json
                                    [cache-control] => no-cache, private
                                    [content-encoding] => gzip
                                    [vary] => Accept-Encoding
                                    [strict-transport-security] => max-age=31536000; includeSubDomains
                                )

                        )

                    [Body] => Webhook body is not logged unless WP_DEBUG mode is turned on. This is to avoid the storing of personal data in the logs.
                )

        )

)
2025-04-18T15:19:39+00:00 INFO Array
(
    [Webhook Delivery] => Array
        (
            [Delivery ID] => 6385ea3e991138b59023a96d52640ef3
            [Date] => Apr 18, 2025 @ 15:19
            [URL] => https://m2e.cloud/webhook/woocommerce/webhook/
            [Duration] => 0.33008
            [Request] => Array
                (
                    [Method] => POST
                    [Headers] => Array
                        (
                            [User-Agent] => WooCommerce/9.7.1 Hookshot (WordPress/6.7.2)
                            [Content-Type] => application/json
                            [X-WC-Webhook-Source] => https://simplebutcomplex.com/store/
                            [X-WC-Webhook-Topic] => product.deleted
                            [X-WC-Webhook-Resource] => product
                            [X-WC-Webhook-Event] => deleted
                            [X-WC-Webhook-Signature] => 47I+flYutZhY94xYfrm3fokxTam41hrAwzE/ybu64MI=
                            [X-WC-Webhook-ID] => 60
                            [X-WC-Webhook-Delivery-ID] => 6385ea3e991138b59023a96d52640ef3
                        )

                )

            [Body] => Webhook body is not logged unless WP_DEBUG mode is turned on. This is to avoid the storing of personal data in the logs.
            [Response] => Array
                (
                    [Code] => 200
                    [Message] => OK
                    [Headers] => WpOrg\Requests\Utility\CaseInsensitiveDictionary Object
                        (
                            [data:protected] => Array
                                (
                                    [date] => Fri, 18 Apr 2025 15:19:43 GMT
                                    [content-type] => application/json
                                    [cache-control] => no-cache, private
                                    [content-encoding] => gzip
                                    [vary] => Accept-Encoding
                                    [strict-transport-security] => max-age=31536000; includeSubDomains
                                )

                        )

                    [Body] => Webhook body is not logged unless WP_DEBUG mode is turned on. This is to avoid the storing of personal data in the logs.
                )

        )

)
2025-04-18T15:19:39+00:00 INFO Array
(
    [Webhook Delivery] => Array
        (
            [Delivery ID] => 236c11ffc0c08e0f41449b982031714e
            [Date] => Apr 18, 2025 @ 15:19
            [URL] => https://production.rutterapi.com/woocommerce/webhooks/0332a636-0956-452f-a38d-21f495f74e42
            [Duration] => 0.21288
            [Request] => Array
                (
                    [Method] => POST
                    [Headers] => Array
                        (
                            [User-Agent] => WooCommerce/9.7.1 Hookshot (WordPress/6.7.2)
                            [Content-Type] => application/json
                            [X-WC-Webhook-Source] => https://simplebutcomplex.com/store/
                            [X-WC-Webhook-Topic] => product.deleted
                            [X-WC-Webhook-Resource] => product
                            [X-WC-Webhook-Event] => deleted
                            [X-WC-Webhook-Signature] => 1jN8o/C2oy+Zyb21dyyAqcuXk5bcaT9EdE93+R0pm88=
                            [X-WC-Webhook-ID] => 59
                            [X-WC-Webhook-Delivery-ID] => 236c11ffc0c08e0f41449b982031714e
                        )

                )

            [Body] => Webhook body is not logged unless WP_DEBUG mode is turned on. This is to avoid the storing of personal data in the logs.
            [Response] => Array
                (
                    [Code] => 200
                    [Message] => OK
                    [Headers] => WpOrg\Requests\Utility\CaseInsensitiveDictionary Object
                        (
                            [data:protected] => Array
                                (
                                    [date] => Fri, 18 Apr 2025 15:19:44 GMT
                                    [content-type] => text/plain; charset=utf-8
                                    [content-length] => 2
                                    [x-powered-by] => Express
                                    [access-control-allow-origin] => *
                                    [etag] => W/"2-nOO9QiTIwXgNtWtBJezz8kv3SLc"
                                    [cf-cache-status] => DYNAMIC
                                    [server] => cloudflare
                                    [cf-ray] => 93252466281280d6-EWR
                                )

                        )

                    [Body] => Webhook body is not logged unless WP_DEBUG mode is turned on. This is to avoid the storing of personal data in the logs.
                )

        )

)
2025-04-18T15:19:39+00:00 INFO Array
(
    [Webhook Delivery] => Array
        (
            [Delivery ID] => 710c424e020df21aad03d813cbf46023
            [Date] => Apr 18, 2025 @ 15:19
            [URL] => https://production.rutterapi.com/woocommerce/webhooks/0332a636-0956-452f-a38d-21f495f74e42
            [Duration] => 0.16612
            [Request] => Array
                (
                    [Method] => POST
                    [Headers] => Array
                        (
                            [User-Agent] => WooCommerce/9.7.1 Hookshot (WordPress/6.7.2)
                            [Content-Type] => application/json
                            [X-WC-Webhook-Source] => https://simplebutcomplex.com/store/
                            [X-WC-Webhook-Topic] => order.deleted
                            [X-WC-Webhook-Resource] => order
                            [X-WC-Webhook-Event] => deleted
                            [X-WC-Webhook-Signature] => Xa2UMfcwLlp6UYvXrs3N3k6Kekdj735lNO1NHeMOpKQ=
                            [X-WC-Webhook-ID] => 58
                            [X-WC-Webhook-Delivery-ID] => 710c424e020df21aad03d813cbf46023
                        )

                )

            [Body] => Webhook body is not logged unless WP_DEBUG mode is turned on. This is to avoid the storing of personal data in the logs.
            [Response] => Array
                (
                    [Code] => 200
                    [Message] => OK
                    [Headers] => WpOrg\Requests\Utility\CaseInsensitiveDictionary Object
                        (
                            [data:protected] => Array
                                (
                                    [date] => Fri, 18 Apr 2025 15:19:44 GMT
                                    [content-type] => text/plain; charset=utf-8
                                    [content-length] => 2
                                    [x-powered-by] => Express
                                    [access-control-allow-origin] => *
                                    [etag] => W/"2-nOO9QiTIwXgNtWtBJezz8kv3SLc"
                                    [cf-cache-status] => DYNAMIC
                                    [server] => cloudflare
                                    [cf-ray] => 93252466ddddde94-EWR
                                )

                        )

                    [Body] => Webhook body is not logged unless WP_DEBUG mode is turned on. This is to avoid the storing of personal data in the logs.
                )

        )

)
2025-04-18T15:19:40+00:00 INFO Array
(
    [Webhook Delivery] => Array
        (
            [Delivery ID] => 94f92b368023e280a1bcc8dae4642721
            [Date] => Apr 18, 2025 @ 15:19
            [URL] => https://m2e.cloud/webhook/woocommerce/webhook/
            [Duration] => 0.33368
            [Request] => Array
                (
                    [Method] => POST
                    [Headers] => Array
                        (
                            [User-Agent] => WooCommerce/9.7.1 Hookshot (WordPress/6.7.2)
                            [Content-Type] => application/json
                            [X-WC-Webhook-Source] => https://simplebutcomplex.com/store/
                            [X-WC-Webhook-Topic] => product.deleted
                            [X-WC-Webhook-Resource] => product
                            [X-WC-Webhook-Event] => deleted
                            [X-WC-Webhook-Signature] => 47I+flYutZhY94xYfrm3fokxTam41hrAwzE/ybu64MI=
                            [X-WC-Webhook-ID] => 57
                            [X-WC-Webhook-Delivery-ID] => 94f92b368023e280a1bcc8dae4642721
                        )

                )

            [Body] => Webhook body is not logged unless WP_DEBUG mode is turned on. This is to avoid the storing of personal data in the logs.
            [Response] => Array
                (
                    [Code] => 200
                    [Message] => OK
                    [Headers] => WpOrg\Requests\Utility\CaseInsensitiveDictionary Object
                        (
                            [data:protected] => Array
                                (
                                    [date] => Fri, 18 Apr 2025 15:19:44 GMT
                                    [content-type] => application/json
                                    [cache-control] => no-cache, private
                                    [content-encoding] => gzip
                                    [vary] => Accept-Encoding
                                    [strict-transport-security] => max-age=31536000; includeSubDomains
                                )

                        )

                    [Body] => Webhook body is not logged unless WP_DEBUG mode is turned on. This is to avoid the storing of personal data in the logs.
                )

        )

)
2025-04-18T15:19:41+00:00 INFO Array
(
    [Webhook Delivery] => Array
        (
            [Delivery ID] => 552dcae20afe198132551033a77d4bde
            [Date] => Apr 18, 2025 @ 15:19
            [URL] => https://biz-api.tiktok.com/tbp/v2.0/woocommerce/webhook/product/?external_business_id=tt4b_woocommerce_67cf5ea3dd228
            [Duration] => 0.97049
            [Request] => Array
                (
                    [Method] => POST
                    [Headers] => Array
                        (
                            [User-Agent] => WooCommerce/9.7.1 Hookshot (WordPress/6.7.2)
                            [Content-Type] => application/json
                            [X-WC-Webhook-Source] => https://simplebutcomplex.com/store/
                            [X-WC-Webhook-Topic] => product.deleted
                            [X-WC-Webhook-Resource] => product
                            [X-WC-Webhook-Event] => deleted
                            [X-WC-Webhook-Signature] => zjQ168JfVIrXP7beQJ8ppl2BCSBODpx6l+A5kzPXCls=
                            [X-WC-Webhook-ID] => 43
                            [X-WC-Webhook-Delivery-ID] => 552dcae20afe198132551033a77d4bde
                        )

                )

            [Body] => Webhook body is not logged unless WP_DEBUG mode is turned on. This is to avoid the storing of personal data in the logs.
            [Response] => Array
                (
                    [Code] => 200
                    [Message] => OK
                    [Headers] => WpOrg\Requests\Utility\CaseInsensitiveDictionary Object
                        (
                            [data:protected] => Array
                                (
                                    [content-type] => application/json
                                    [content-length] => 85
                                    [x-api-deprecation-info] => API for Business Version 1.3 is now live. To avoid disruption to your business, we recommend you migrate all calls to v1.3 as soon as possible. Please visit our migration guide for more details: https://ads.tiktok.com/marketing_api/docs?id=1740029169927169
                                    [x-domain-change-info] => We have moved to the new domain business-api.tiktok.com for API services after the Platform Upgrade on 09/30/2021. Please update all of your requests with the new domain if you haven't done so already. For more information, please visit https://ads.tiktok.com/marketing_api/docs?rid=esb88xalm6m&id=1709207085043713
                                    [x-tt-logid] => 2025041815194545E27765BFCD4628BF19
                                    [x_tt_logid] => 2025041815194545E27765BFCD4628BF19
                                    [x-tt-trace-host] => 01e3d775a90b79921eb55b55733a8298b18a1f767b95bd3c430d964b0bc10855e140c879880be5781a35806e709a0cf67a71ea0531e24c8727cef63aa30e64ac9d3878c99b0fa20334af36343963a1fad8ddc3b5e65ccde9d49a83a6b117b60059b076c1fdd45b707e5d1a77feb5c277ec
                                    [x-tt-trace-id] => 00-25041815194545E27765BFCD4628BF19-55E290AE66C52C89-00
                                    [server] => TLB
                                    [x-origin-response-time] => 48,184.86.250.135
                                    [x-akamai-request-id] => 2dce6806.b742d2d
                                    [expires] => Fri, 18 Apr 2025 15:19:46 GMT
                                    [cache-control] => max-age=0, no-cache, no-store
                                    [pragma] => no-cache
                                    [date] => Fri, 18 Apr 2025 15:19:46 GMT
                                    [x-cache] => TCP_MISS from a23-38-113-61.deploy.akamaitechnologies.com (AkamaiGHost/22.1.0-4f1ef2e9a8e1a0c8be2b8a74a525c274) (-)
                                    [x-cache-remote] => TCP_MISS from a184-86-250-135.deploy.akamaitechnologies.com (AkamaiGHost/22.1.0-4f1ef2e9a8e1a0c8be2b8a74a525c274) (-)
                                    [x-tt-trace-tag] => id=16;cdn-cache=miss;type=dyn
                                    [server-timing] => Array
                                        (
                                            [0] => cdn-cache; desc=MISS, edge; dur=736, origin; dur=48
                                            [1] => inner; dur=34
                                        )

                                    [x-parent-response-time] => 782,23.38.113.61
                                )

                        )

                    [Body] => Webhook body is not logged unless WP_DEBUG mode is turned on. This is to avoid the storing of personal data in the logs.
                )

        )

)
2025-04-18T15:19:41+00:00 INFO Array
(
    [Webhook Delivery] => Array
        (
            [Delivery ID] => 22e157f156a743894ce413d828494ec2
            [Date] => Apr 18, 2025 @ 15:19
            [URL] => https://production.rutterapi.com/woocommerce/webhooks/0332a636-0956-452f-a38d-21f495f74e42
            [Duration] => 0.12069
            [Request] => Array
                (
                    [Method] => POST
                    [Headers] => Array
                        (
                            [User-Agent] => WooCommerce/9.7.1 Hookshot (WordPress/6.7.2)
                            [Content-Type] => application/json
                            [X-WC-Webhook-Source] => https://simplebutcomplex.com/store/
                            [X-WC-Webhook-Topic] => product.deleted
                            [X-WC-Webhook-Resource] => product
                            [X-WC-Webhook-Event] => deleted
                            [X-WC-Webhook-Signature] => QtnK2aycf2loPFDldapnwwZmhq0vAuWUklJ1mBjTO8Y=
                            [X-WC-Webhook-ID] => 2
                            [X-WC-Webhook-Delivery-ID] => 22e157f156a743894ce413d828494ec2
                        )

                )

            [Body] => Webhook body is not logged unless WP_DEBUG mode is turned on. This is to avoid the storing of personal data in the logs.
            [Response] => Array
                (
                    [Code] => 200
                    [Message] => OK
                    [Headers] => WpOrg\Requests\Utility\CaseInsensitiveDictionary Object
                        (
                            [data:protected] => Array
                                (
                                    [date] => Fri, 18 Apr 2025 15:19:46 GMT
                                    [content-type] => text/plain; charset=utf-8
                                    [content-length] => 2
                                    [x-powered-by] => Express
                                    [access-control-allow-origin] => *
                                    [etag] => W/"2-nOO9QiTIwXgNtWtBJezz8kv3SLc"
                                    [cf-cache-status] => DYNAMIC
                                    [server] => cloudflare
                                    [cf-ray] => 93252471f8739003-BOS
                                )

                        )

                    [Body] => Webhook body is not logged unless WP_DEBUG mode is turned on. This is to avoid the storing of personal data in the logs.
                )

        )

)
2025-04-18T15:19:41+00:00 INFO Array
(
    [Webhook Delivery] => Array
        (
            [Delivery ID] => c4bbf17f7042afb61b26271aa77ff31c
            [Date] => Apr 18, 2025 @ 15:19
            [URL] => https://production.rutterapi.com/woocommerce/webhooks/0332a636-0956-452f-a38d-21f495f74e42
            [Duration] => 0.12932
            [Request] => Array
                (
                    [Method] => POST
                    [Headers] => Array
                        (
                            [User-Agent] => WooCommerce/9.7.1 Hookshot (WordPress/6.7.2)
                            [Content-Type] => application/json
                            [X-WC-Webhook-Source] => https://simplebutcomplex.com/store/
                            [X-WC-Webhook-Topic] => order.deleted
                            [X-WC-Webhook-Resource] => order
                            [X-WC-Webhook-Event] => deleted
                            [X-WC-Webhook-Signature] => hQ8RBzYBrGgzNGRT3Hh6FIE3xhyrsMPuvw/nPXvtjjk=
                            [X-WC-Webhook-ID] => 1
                            [X-WC-Webhook-Delivery-ID] => c4bbf17f7042afb61b26271aa77ff31c
                        )

                )

            [Body] => Webhook body is not logged unless WP_DEBUG mode is turned on. This is to avoid the storing of personal data in the logs.
            [Response] => Array
                (
                    [Code] => 200
                    [Message] => OK
                    [Headers] => WpOrg\Requests\Utility\CaseInsensitiveDictionary Object
                        (
                            [data:protected] => Array
                                (
                                    [date] => Fri, 18 Apr 2025 15:19:46 GMT
                                    [content-type] => text/plain; charset=utf-8
                                    [content-length] => 2
                                    [x-powered-by] => Express
                                    [access-control-allow-origin] => *
                                    [etag] => W/"2-nOO9QiTIwXgNtWtBJezz8kv3SLc"
                                    [cf-cache-status] => DYNAMIC
                                    [server] => cloudflare
                                    [cf-ray] => 93252472c8d74cfc-BOS
                                )

                        )

                    [Body] => Webhook body is not logged unless WP_DEBUG mode is turned on. This is to avoid the storing of personal data in the logs.
                )

        )

)
2025-04-18T20:10:35+00:00 INFO Array
(
    [Webhook Delivery] => Array
        (
            [Delivery ID] => 53911e8f1fe93dea29e07bcb2edeed13
            [Date] => Apr 18, 2025 @ 20:10
            [URL] => https://solution.tiktokshop.com/api/plugin/webhook/process_woo_webhook?external_business_id=tt4b_woocommerce_67cf5ea3dd228&region=US
            [Duration] => 0.28431
            [Request] => Array
                (
                    [Method] => POST
                    [Headers] => Array
                        (
                            [User-Agent] => WooCommerce/9.7.1 Hookshot (WordPress/6.7.2)
                            [Content-Type] => application/json
                            [X-WC-Webhook-Source] => https://simplebutcomplex.com/store/
                            [X-WC-Webhook-Topic] => order.updated
                            [X-WC-Webhook-Resource] => order
                            [X-WC-Webhook-Event] => updated
                            [X-WC-Webhook-Signature] => R0dfA+7KN/Yc5M8yOM3ygmuE/GIYJgVzjdFiTDzCeYE=
                            [X-WC-Webhook-ID] => 46
                            [X-WC-Webhook-Delivery-ID] => 53911e8f1fe93dea29e07bcb2edeed13
                        )

                )

            [Body] => Webhook body is not logged unless WP_DEBUG mode is turned on. This is to avoid the storing of personal data in the logs.
            [Response] => Array
                (
                    [Code] => 200
                    [Message] => OK
                    [Headers] => WpOrg\Requests\Utility\CaseInsensitiveDictionary Object
                        (
                            [data:protected] => Array
                                (
                                    [server] => nginx
                                    [content-type] => application/json; charset=utf-8
                                    [content-length] => 90
                                    [x-tt-logid] => 20250418201040B879587A90F437027AFC
                                    [server-timing] => Array
                                        (
                                            [0] => inner; dur=14
                                            [1] => cdn-cache; desc=MISS, edge; dur=0, origin; dur=29
                                        )

                                    [x-tt-trace-host] => 01e3d775a90b79921eb55b55733a8298b1e93cd3ec4446b950b54fdc331b82546cc0dcb9854e63c1a27eeddd8edbbf108b6866aecbf48ab5595a02e6169598a29582410fc0608687308e33152d4f96a8c0bfa2c6c4f0e27ab0fa75087e15382a36
                                    [x-tt-trace-id] => 00-250418201040B879587A90F437027AFC-31452D1F1F129A3F-00
                                    [expires] => Fri, 18 Apr 2025 20:10:40 GMT
                                    [cache-control] => max-age=0, no-cache, no-store
                                    [pragma] => no-cache
                                    [date] => Fri, 18 Apr 2025 20:10:40 GMT
                                    [x-cache] => TCP_MISS from a23-62-227-9.deploy.akamaitechnologies.com (AkamaiGHost/22.1.0-0ca00c147d19d7f8aed87fe96e7f5f75) (-)
                                    [x-tt-trace-tag] => id=16;cdn-cache=hit;type=dyn
                                    [x-origin-response-time] => 29,23.62.227.9
                                    [bypass-origin] => solution.tiktokshops.us
                                    [x-akamai-request-id] => 2047d927
                                )

                        )

                    [Body] => Webhook body is not logged unless WP_DEBUG mode is turned on. This is to avoid the storing of personal data in the logs.
                )

        )

)
